2020-09-13 13:26:29.052  INFO 14024 --- [main] com.wcc.blog.BlogApplicationTests        : Starting BlogApplicationTests on DESKTOP-QPTS569 with PID 14024 (started by 76198 in E:\javawork\blog)
2020-09-13 13:26:29.053 DEBUG 14024 --- [main] com.wcc.blog.BlogApplicationTests        : Running with Spring Boot v2.3.3.RELEASE, Spring v5.2.8.RELEASE
2020-09-13 13:26:29.061  INFO 14024 --- [main] com.wcc.blog.BlogApplicationTests        : The following profiles are active: pro
2020-09-13 13:26:32.860  INFO 14024 --- [main] c.a.d.s.b.a.DruidDataSourceAutoConfigure : Init DruidDataSource
2020-09-13 13:26:33.460  INFO 14024 --- [main] com.alibaba.druid.pool.DruidDataSource   : {dataSource-1} inited
2020-09-13 13:26:35.174  INFO 14024 --- [main] o.s.s.concurrent.ThreadPoolTaskExecutor  : Initializing ExecutorService 'applicationTaskExecutor'
2020-09-13 13:26:35.436  INFO 14024 --- [main] o.s.b.a.w.s.WelcomePageHandlerMapping    : Adding welcome page template: index
2020-09-13 13:26:36.089  INFO 14024 --- [main] com.wcc.blog.BlogApplicationTests        : Started BlogApplicationTests in 7.51 seconds (JVM running for 8.702)
2020-09-13 13:26:36.522  INFO 14024 --- [main] .b.t.c.SpringBootTestContextBootstrapper : Neither @ContextConfiguration nor @ContextHierarchy found for test class [com.wcc.blog.mapper.BlogMapperTest], using SpringBootContextLoader
2020-09-13 13:26:36.522  INFO 14024 --- [main] o.s.t.c.support.AbstractContextLoader    : Could not detect default resource locations for test class [com.wcc.blog.mapper.BlogMapperTest]: no resource found for suffixes {-context.xml, Context.groovy}.
2020-09-13 13:26:36.523  INFO 14024 --- [main] t.c.s.AnnotationConfigContextLoaderUtils : Could not detect default configuration classes for test class [com.wcc.blog.mapper.BlogMapperTest]: BlogMapperTest does not declare any static, non-private, non-final, nested classes annotated with @Configuration.
2020-09-13 13:26:36.530  INFO 14024 --- [main] .b.t.c.SpringBootTestContextBootstrapper : Found @SpringBootConfiguration com.wcc.blog.BlogApplication for test class com.wcc.blog.mapper.BlogMapperTest
2020-09-13 13:26:36.532  INFO 14024 --- [main] .b.t.c.SpringBootTestContextBootstrapper : Loaded default TestExecutionListener class names from location [META-INF/spring.factories]: [org.springframework.boot.test.mock.mockito.MockitoTestExecutionListener, org.springframework.boot.test.mock.mockito.ResetMocksTestExecutionListener, org.springframework.boot.test.autoconfigure.restdocs.RestDocsTestExecutionListener, org.springframework.boot.test.autoconfigure.web.client.MockRestServiceServerResetTestExecutionListener, org.springframework.boot.test.autoconfigure.web.servlet.MockMvcPrintOnlyOnFailureTestExecutionListener, org.springframework.boot.test.autoconfigure.web.servlet.WebDriverTestExecutionListener, org.springframework.boot.test.autoconfigure.webservices.client.MockWebServiceServerTestExecutionListener, org.springframework.test.context.web.ServletTestExecutionListener, org.springframework.test.context.support.DirtiesContextBeforeModesTestExecutionListener, org.springframework.test.context.support.DependencyInjectionTestExecutionListener, org.springframework.test.context.support.DirtiesContextTestExecutionListener, org.springframework.test.context.transaction.TransactionalTestExecutionListener, org.springframework.test.context.jdbc.SqlScriptsTestExecutionListener, org.springframework.test.context.event.EventPublishingTestExecutionListener]
2020-09-13 13:26:36.533  INFO 14024 --- [main] .b.t.c.SpringBootTestContextBootstrapper : Using TestExecutionListeners: [org.springframework.test.context.web.ServletTestExecutionListener@2b53840a, org.springframework.test.context.support.DirtiesContextBeforeModesTestExecutionListener@3caafa67, org.springframework.boot.test.mock.mockito.MockitoTestExecutionListener@3e546734, org.springframework.boot.test.autoconfigure.SpringBootDependencyInjectionTestExecutionListener@53747c4a, org.springframework.test.context.support.DirtiesContextTestExecutionListener@64b0d1fa, org.springframework.test.context.transaction.TransactionalTestExecutionListener@f2276c9, org.springframework.test.context.jdbc.SqlScriptsTestExecutionListener@12d2ddde, org.springframework.test.context.event.EventPublishingTestExecutionListener@62b475e2, org.springframework.boot.test.mock.mockito.ResetMocksTestExecutionListener@e9474f, org.springframework.boot.test.autoconfigure.restdocs.RestDocsTestExecutionListener@1c61eda5, org.springframework.boot.test.autoconfigure.web.client.MockRestServiceServerResetTestExecutionListener@1859ffda, org.springframework.boot.test.autoconfigure.web.servlet.MockMvcPrintOnlyOnFailureTestExecutionListener@59838256, org.springframework.boot.test.autoconfigure.web.servlet.WebDriverTestExecutionListener@131a7516, org.springframework.boot.test.autoconfigure.webservices.client.MockWebServiceServerTestExecutionListener@5ae15]
2020-09-13 13:26:38.516 DEBUG 14024 --- [main] c.w.b.mapper.BlogMapper.listGroupByYear  : ==>  Preparing: SELECT DATE_FORMAT(b.createTime,'%Y') YEAR FROM t_blog b GROUP BY YEAR ORDER BY YEAR DESC
2020-09-13 13:26:38.558 DEBUG 14024 --- [main] c.w.b.mapper.BlogMapper.listGroupByYear  : ==> Parameters: 
2020-09-13 13:26:38.589 DEBUG 14024 --- [main] c.w.b.mapper.BlogMapper.listGroupByYear  : <==      Total: 3
2020-09-13 13:26:38.599  INFO 14024 --- [main] .b.t.c.SpringBootTestContextBootstrapper : Neither @ContextConfiguration nor @ContextHierarchy found for test class [com.wcc.blog.mapper.TypeMapperTest], using SpringBootContextLoader
2020-09-13 13:26:38.600  INFO 14024 --- [main] o.s.t.c.support.AbstractContextLoader    : Could not detect default resource locations for test class [com.wcc.blog.mapper.TypeMapperTest]: no resource found for suffixes {-context.xml, Context.groovy}.
2020-09-13 13:26:38.600  INFO 14024 --- [main] t.c.s.AnnotationConfigContextLoaderUtils : Could not detect default configuration classes for test class [com.wcc.blog.mapper.TypeMapperTest]: TypeMapperTest does not declare any static, non-private, non-final, nested classes annotated with @Configuration.
2020-09-13 13:26:38.601  INFO 14024 --- [main] .b.t.c.SpringBootTestContextBootstrapper : Found @SpringBootConfiguration com.wcc.blog.BlogApplication for test class com.wcc.blog.mapper.TypeMapperTest
2020-09-13 13:26:38.603  INFO 14024 --- [main] .b.t.c.SpringBootTestContextBootstrapper : Loaded default TestExecutionListener class names from location [META-INF/spring.factories]: [org.springframework.boot.test.mock.mockito.MockitoTestExecutionListener, org.springframework.boot.test.mock.mockito.ResetMocksTestExecutionListener, org.springframework.boot.test.autoconfigure.restdocs.RestDocsTestExecutionListener, org.springframework.boot.test.autoconfigure.web.client.MockRestServiceServerResetTestExecutionListener, org.springframework.boot.test.autoconfigure.web.servlet.MockMvcPrintOnlyOnFailureTestExecutionListener, org.springframework.boot.test.autoconfigure.web.servlet.WebDriverTestExecutionListener, org.springframework.boot.test.autoconfigure.webservices.client.MockWebServiceServerTestExecutionListener, org.springframework.test.context.web.ServletTestExecutionListener, org.springframework.test.context.support.DirtiesContextBeforeModesTestExecutionListener, org.springframework.test.context.support.DependencyInjectionTestExecutionListener, org.springframework.test.context.support.DirtiesContextTestExecutionListener, org.springframework.test.context.transaction.TransactionalTestExecutionListener, org.springframework.test.context.jdbc.SqlScriptsTestExecutionListener, org.springframework.test.context.event.EventPublishingTestExecutionListener]
2020-09-13 13:26:38.603  INFO 14024 --- [main] .b.t.c.SpringBootTestContextBootstrapper : Using TestExecutionListeners: [org.springframework.test.context.web.ServletTestExecutionListener@5fdfe8cf, org.springframework.test.context.support.DirtiesContextBeforeModesTestExecutionListener@2a8b33ba, org.springframework.boot.test.mock.mockito.MockitoTestExecutionListener@4e8b357d, org.springframework.boot.test.autoconfigure.SpringBootDependencyInjectionTestExecutionListener@2e1eb85f, org.springframework.test.context.support.DirtiesContextTestExecutionListener@ea7a4c3, org.springframework.test.context.transaction.TransactionalTestExecutionListener@7d42404e, org.springframework.test.context.jdbc.SqlScriptsTestExecutionListener@6af5b246, org.springframework.test.context.event.EventPublishingTestExecutionListener@31723307, org.springframework.boot.test.mock.mockito.ResetMocksTestExecutionListener@2401856, org.springframework.boot.test.autoconfigure.restdocs.RestDocsTestExecutionListener@6d6f6860, org.springframework.boot.test.autoconfigure.web.client.MockRestServiceServerResetTestExecutionListener@2a4f8009, org.springframework.boot.test.autoconfigure.web.servlet.MockMvcPrintOnlyOnFailureTestExecutionListener@a85644c, org.springframework.boot.test.autoconfigure.web.servlet.WebDriverTestExecutionListener@8054fe2, org.springframework.boot.test.autoconfigure.webservices.client.MockWebServiceServerTestExecutionListener@1e3f0aea]
2020-09-13 13:26:38.617 DEBUG 14024 --- [main] c.wcc.blog.mapper.TypeMapper.updateType  : ==>  Preparing: update t_type set name=? where id=? and isDelete=0
2020-09-13 13:26:38.620 DEBUG 14024 --- [main] c.wcc.blog.mapper.TypeMapper.updateType  : ==> Parameters: 日记(String), 8(Long)
2020-09-13 13:26:38.623 DEBUG 14024 --- [main] c.wcc.blog.mapper.TypeMapper.updateType  : <==    Updates: 0
2020-09-13 13:26:38.630 DEBUG 14024 --- [main] c.w.blog.mapper.TypeMapper.listTypeTop   : ==>  Preparing: SELECT id,NAME FROM t_type t LEFT JOIN (SELECT type_id,COUNT(*) cou FROM t_blog b WHERE b.isDelete=0 GROUP BY type_id) c ON c.type_id=t.id WHERE t.isDelete=0 ORDER BY c.cou DESC,t.id limit ?
2020-09-13 13:26:38.631 DEBUG 14024 --- [main] c.w.blog.mapper.TypeMapper.listTypeTop   : ==> Parameters: 4(Integer)
2020-09-13 13:26:38.634 DEBUG 14024 --- [main] c.w.blog.mapper.TypeMapper.listTypeTop   : <==      Total: 4
2020-09-13 13:26:38.639  INFO 14024 --- [main] .b.t.c.SpringBootTestContextBootstrapper : Neither @ContextConfiguration nor @ContextHierarchy found for test class [com.wcc.blog.mapper.UserMapperTest], using SpringBootContextLoader
2020-09-13 13:26:38.639  INFO 14024 --- [main] o.s.t.c.support.AbstractContextLoader    : Could not detect default resource locations for test class [com.wcc.blog.mapper.UserMapperTest]: no resource found for suffixes {-context.xml, Context.groovy}.
2020-09-13 13:26:38.639  INFO 14024 --- [main] t.c.s.AnnotationConfigContextLoaderUtils : Could not detect default configuration classes for test class [com.wcc.blog.mapper.UserMapperTest]: UserMapperTest does not declare any static, non-private, non-final, nested classes annotated with @Configuration.
2020-09-13 13:26:38.641  INFO 14024 --- [main] .b.t.c.SpringBootTestContextBootstrapper : Found @SpringBootConfiguration com.wcc.blog.BlogApplication for test class com.wcc.blog.mapper.UserMapperTest
2020-09-13 13:26:38.642  INFO 14024 --- [main] .b.t.c.SpringBootTestContextBootstrapper : Loaded default TestExecutionListener class names from location [META-INF/spring.factories]: [org.springframework.boot.test.mock.mockito.MockitoTestExecutionListener, org.springframework.boot.test.mock.mockito.ResetMocksTestExecutionListener, org.springframework.boot.test.autoconfigure.restdocs.RestDocsTestExecutionListener, org.springframework.boot.test.autoconfigure.web.client.MockRestServiceServerResetTestExecutionListener, org.springframework.boot.test.autoconfigure.web.servlet.MockMvcPrintOnlyOnFailureTestExecutionListener, org.springframework.boot.test.autoconfigure.web.servlet.WebDriverTestExecutionListener, org.springframework.boot.test.autoconfigure.webservices.client.MockWebServiceServerTestExecutionListener, org.springframework.test.context.web.ServletTestExecutionListener, org.springframework.test.context.support.DirtiesContextBeforeModesTestExecutionListener, org.springframework.test.context.support.DependencyInjectionTestExecutionListener, org.springframework.test.context.support.DirtiesContextTestExecutionListener, org.springframework.test.context.transaction.TransactionalTestExecutionListener, org.springframework.test.context.jdbc.SqlScriptsTestExecutionListener, org.springframework.test.context.event.EventPublishingTestExecutionListener]
2020-09-13 13:26:38.642  INFO 14024 --- [main] .b.t.c.SpringBootTestContextBootstrapper : Using TestExecutionListeners: [org.springframework.test.context.web.ServletTestExecutionListener@4b425577, org.springframework.test.context.support.DirtiesContextBeforeModesTestExecutionListener@5934153e, org.springframework.boot.test.mock.mockito.MockitoTestExecutionListener@3bb9ca38, org.springframework.boot.test.autoconfigure.SpringBootDependencyInjectionTestExecutionListener@160e99e0, org.springframework.test.context.support.DirtiesContextTestExecutionListener@4f3e9fbb, org.springframework.test.context.transaction.TransactionalTestExecutionListener@365afe87, org.springframework.test.context.jdbc.SqlScriptsTestExecutionListener@43471a7e, org.springframework.test.context.event.EventPublishingTestExecutionListener@21e45a6f, org.springframework.boot.test.mock.mockito.ResetMocksTestExecutionListener@1a1ccaaf, org.springframework.boot.test.autoconfigure.restdocs.RestDocsTestExecutionListener@7b53b1ad, org.springframework.boot.test.autoconfigure.web.client.MockRestServiceServerResetTestExecutionListener@3cc053, org.springframework.boot.test.autoconfigure.web.servlet.MockMvcPrintOnlyOnFailureTestExecutionListener@388c519, org.springframework.boot.test.autoconfigure.web.servlet.WebDriverTestExecutionListener@7fbd3e75, org.springframework.boot.test.autoconfigure.webservices.client.MockWebServiceServerTestExecutionListener@198536f6]
2020-09-13 13:26:38.679 DEBUG 14024 --- [main] c.wcc.blog.mapper.UserMapper.updateUser  : ==>  Preparing: update t_user SET nickname=?, phone=?, password=?, email=? where id=? and isDelete=0
2020-09-13 13:26:38.680 DEBUG 14024 --- [main] c.wcc.blog.mapper.UserMapper.updateUser  : ==> Parameters: 杰克(String), 222(String), 222(String), 333(String), null
2020-09-13 13:26:38.682 DEBUG 14024 --- [main] c.wcc.blog.mapper.UserMapper.updateUser  : <==    Updates: 0
2020-09-13 13:26:38.687 DEBUG 14024 --- [main] c.w.b.mapper.UserMapper.getUserByPhone   : ==>  Preparing: select id,nickname,phone,password,email,avatar,admin,code,start,createTime,updateTime,isDelete from t_user where phone=? and isDelete=0
2020-09-13 13:26:38.688 DEBUG 14024 --- [main] c.w.b.mapper.UserMapper.getUserByPhone   : ==> Parameters: 123(String)
2020-09-13 13:26:38.691 DEBUG 14024 --- [main] c.w.b.mapper.UserMapper.getUserByPhone   : <==      Total: 1
2020-09-13 13:26:38.695  INFO 14024 --- [main] .b.t.c.SpringBootTestContextBootstrapper : Neither @ContextConfiguration nor @ContextHierarchy found for test class [com.wcc.blog.service.BlogServiceTest], using SpringBootContextLoader
2020-09-13 13:26:38.696  INFO 14024 --- [main] o.s.t.c.support.AbstractContextLoader    : Could not detect default resource locations for test class [com.wcc.blog.service.BlogServiceTest]: no resource found for suffixes {-context.xml, Context.groovy}.
2020-09-13 13:26:38.696  INFO 14024 --- [main] t.c.s.AnnotationConfigContextLoaderUtils : Could not detect default configuration classes for test class [com.wcc.blog.service.BlogServiceTest]: BlogServiceTest does not declare any static, non-private, non-final, nested classes annotated with @Configuration.
2020-09-13 13:26:38.705  INFO 14024 --- [main] .b.t.c.SpringBootTestContextBootstrapper : Found @SpringBootConfiguration com.wcc.blog.BlogApplication for test class com.wcc.blog.service.BlogServiceTest
2020-09-13 13:26:38.706  INFO 14024 --- [main] .b.t.c.SpringBootTestContextBootstrapper : Loaded default TestExecutionListener class names from location [META-INF/spring.factories]: [org.springframework.boot.test.mock.mockito.MockitoTestExecutionListener, org.springframework.boot.test.mock.mockito.ResetMocksTestExecutionListener, org.springframework.boot.test.autoconfigure.restdocs.RestDocsTestExecutionListener, org.springframework.boot.test.autoconfigure.web.client.MockRestServiceServerResetTestExecutionListener, org.springframework.boot.test.autoconfigure.web.servlet.MockMvcPrintOnlyOnFailureTestExecutionListener, org.springframework.boot.test.autoconfigure.web.servlet.WebDriverTestExecutionListener, org.springframework.boot.test.autoconfigure.webservices.client.MockWebServiceServerTestExecutionListener, org.springframework.test.context.web.ServletTestExecutionListener, org.springframework.test.context.support.DirtiesContextBeforeModesTestExecutionListener, org.springframework.test.context.support.DependencyInjectionTestExecutionListener, org.springframework.test.context.support.DirtiesContextTestExecutionListener, org.springframework.test.context.transaction.TransactionalTestExecutionListener, org.springframework.test.context.jdbc.SqlScriptsTestExecutionListener, org.springframework.test.context.event.EventPublishingTestExecutionListener]
2020-09-13 13:26:38.707  INFO 14024 --- [main] .b.t.c.SpringBootTestContextBootstrapper : Using TestExecutionListeners: [org.springframework.test.context.web.ServletTestExecutionListener@bd3eff4, org.springframework.test.context.support.DirtiesContextBeforeModesTestExecutionListener@6010d0d1, org.springframework.boot.test.mock.mockito.MockitoTestExecutionListener@5934ca1e, org.springframework.boot.test.autoconfigure.SpringBootDependencyInjectionTestExecutionListener@5348d83c, org.springframework.test.context.support.DirtiesContextTestExecutionListener@477021ee, org.springframework.test.context.transaction.TransactionalTestExecutionListener@2180e789, org.springframework.test.context.jdbc.SqlScriptsTestExecutionListener@5e9bbd9d, org.springframework.test.context.event.EventPublishingTestExecutionListener@4b87074a, org.springframework.boot.test.mock.mockito.ResetMocksTestExecutionListener@d3e3085, org.springframework.boot.test.autoconfigure.restdocs.RestDocsTestExecutionListener@2ba42204, org.springframework.boot.test.autoconfigure.web.client.MockRestServiceServerResetTestExecutionListener@285005b8, org.springframework.boot.test.autoconfigure.web.servlet.MockMvcPrintOnlyOnFailureTestExecutionListener@5b1efaaf, org.springframework.boot.test.autoconfigure.web.servlet.WebDriverTestExecutionListener@27585351, org.springframework.boot.test.autoconfigure.webservices.client.MockWebServiceServerTestExecutionListener@2de6f1bc]
2020-09-13 13:26:38.847 DEBUG 14024 --- [main] c.w.b.mapper.BlogMapper.listGroupByYear  : ==>  Preparing: SELECT DATE_FORMAT(b.createTime,'%Y') YEAR FROM t_blog b GROUP BY YEAR ORDER BY YEAR DESC
2020-09-13 13:26:38.848 DEBUG 14024 --- [main] c.w.b.mapper.BlogMapper.listGroupByYear  : ==> Parameters: 
2020-09-13 13:26:38.854 DEBUG 14024 --- [main] c.w.b.mapper.BlogMapper.listGroupByYear  : <==      Total: 3
2020-09-13 13:26:38.856 DEBUG 14024 --- [main] c.w.b.mapper.BlogMapper.listBlogByYear   : ==>  Preparing: select * from t_blog b where date_format(b.createTime,'%Y') = ? and isDelete=0
2020-09-13 13:26:38.857 DEBUG 14024 --- [main] c.w.b.mapper.BlogMapper.listBlogByYear   : ==> Parameters: 2020(String)
2020-09-13 13:26:38.864 DEBUG 14024 --- [main] c.w.b.mapper.BlogMapper.listBlogByYear   : <==      Total: 6
2020-09-13 13:26:38.865 DEBUG 14024 --- [main] c.w.blog.mapper.UserMapper.getUserById   : ==>  Preparing: select id,nickname,phone,email,avatar,admin,code,start,createTime,updateTime,isDelete from t_user where id=? and isDelete=0
2020-09-13 13:26:38.865 DEBUG 14024 --- [main] c.w.blog.mapper.UserMapper.getUserById   : ==> Parameters: 4(Long)
2020-09-13 13:26:38.872 DEBUG 14024 --- [main] c.w.blog.mapper.UserMapper.getUserById   : <==      Total: 1
2020-09-13 13:26:38.873 DEBUG 14024 --- [main] com.wcc.blog.mapper.TypeMapper.getType   : ==>  Preparing: select id,name,isDelete from t_type where id=? and isDelete=0
2020-09-13 13:26:38.873 DEBUG 14024 --- [main] com.wcc.blog.mapper.TypeMapper.getType   : ==> Parameters: 10(Long)
2020-09-13 13:26:38.874 DEBUG 14024 --- [main] com.wcc.blog.mapper.TypeMapper.getType   : <==      Total: 1
2020-09-13 13:26:38.875 DEBUG 14024 --- [main] c.w.b.mapper.TagMapper.listTagByBlogId   : ==>  Preparing: SELECT id,NAME FROM t_tag t LEFT JOIN t_tag_blog tb ON t.id=tb.tag_id WHERE t.isDelete=0 AND tb.blog_id=?
2020-09-13 13:26:38.875 DEBUG 14024 --- [main] c.w.b.mapper.TagMapper.listTagByBlogId   : ==> Parameters: 2(Long)
2020-09-13 13:26:38.878 DEBUG 14024 --- [main] c.w.b.mapper.TagMapper.listTagByBlogId   : <==      Total: 4
2020-09-13 13:26:38.878 DEBUG 14024 --- [main] c.w.b.mapper.TagMapper.listTagByBlogId   : ==>  Preparing: SELECT id,NAME FROM t_tag t LEFT JOIN t_tag_blog tb ON t.id=tb.tag_id WHERE t.isDelete=0 AND tb.blog_id=?
2020-09-13 13:26:38.879 DEBUG 14024 --- [main] c.w.b.mapper.TagMapper.listTagByBlogId   : ==> Parameters: 4(Long)
2020-09-13 13:26:38.880 DEBUG 14024 --- [main] c.w.b.mapper.TagMapper.listTagByBlogId   : <==      Total: 3
2020-09-13 13:26:38.881 DEBUG 14024 --- [main] com.wcc.blog.mapper.TypeMapper.getType   : ==>  Preparing: select id,name,isDelete from t_type where id=? and isDelete=0
2020-09-13 13:26:38.881 DEBUG 14024 --- [main] com.wcc.blog.mapper.TypeMapper.getType   : ==> Parameters: 12(Long)
2020-09-13 13:26:38.883 DEBUG 14024 --- [main] com.wcc.blog.mapper.TypeMapper.getType   : <==      Total: 1
2020-09-13 13:26:38.883 DEBUG 14024 --- [main] c.w.b.mapper.TagMapper.listTagByBlogId   : ==>  Preparing: SELECT id,NAME FROM t_tag t LEFT JOIN t_tag_blog tb ON t.id=tb.tag_id WHERE t.isDelete=0 AND tb.blog_id=?
2020-09-13 13:26:38.884 DEBUG 14024 --- [main] c.w.b.mapper.TagMapper.listTagByBlogId   : ==> Parameters: 6(Long)
2020-09-13 13:26:38.885 DEBUG 14024 --- [main] c.w.b.mapper.TagMapper.listTagByBlogId   : <==      Total: 2
2020-09-13 13:26:38.886 DEBUG 14024 --- [main] c.w.b.mapper.TagMapper.listTagByBlogId   : ==>  Preparing: SELECT id,NAME FROM t_tag t LEFT JOIN t_tag_blog tb ON t.id=tb.tag_id WHERE t.isDelete=0 AND tb.blog_id=?
2020-09-13 13:26:38.886 DEBUG 14024 --- [main] c.w.b.mapper.TagMapper.listTagByBlogId   : ==> Parameters: 10(Long)
2020-09-13 13:26:38.888 DEBUG 14024 --- [main] c.w.b.mapper.TagMapper.listTagByBlogId   : <==      Total: 2
2020-09-13 13:26:38.890 DEBUG 14024 --- [main] c.w.b.mapper.TagMapper.listTagByBlogId   : ==>  Preparing: SELECT id,NAME FROM t_tag t LEFT JOIN t_tag_blog tb ON t.id=tb.tag_id WHERE t.isDelete=0 AND tb.blog_id=?
2020-09-13 13:26:38.890 DEBUG 14024 --- [main] c.w.b.mapper.TagMapper.listTagByBlogId   : ==> Parameters: 11(Long)
2020-09-13 13:26:38.892 DEBUG 14024 --- [main] c.w.b.mapper.TagMapper.listTagByBlogId   : <==      Total: 3
2020-09-13 13:26:38.893 DEBUG 14024 --- [main] com.wcc.blog.mapper.TypeMapper.getType   : ==>  Preparing: select id,name,isDelete from t_type where id=? and isDelete=0
2020-09-13 13:26:38.893 DEBUG 14024 --- [main] com.wcc.blog.mapper.TypeMapper.getType   : ==> Parameters: 11(Long)
2020-09-13 13:26:38.896 DEBUG 14024 --- [main] com.wcc.blog.mapper.TypeMapper.getType   : <==      Total: 1
2020-09-13 13:26:38.897 DEBUG 14024 --- [main] c.w.b.mapper.TagMapper.listTagByBlogId   : ==>  Preparing: SELECT id,NAME FROM t_tag t LEFT JOIN t_tag_blog tb ON t.id=tb.tag_id WHERE t.isDelete=0 AND tb.blog_id=?
2020-09-13 13:26:38.898 DEBUG 14024 --- [main] c.w.b.mapper.TagMapper.listTagByBlogId   : ==> Parameters: 13(Long)
2020-09-13 13:26:38.905 DEBUG 14024 --- [main] c.w.b.mapper.TagMapper.listTagByBlogId   : <==      Total: 2
2020-09-13 13:26:38.906 DEBUG 14024 --- [main] c.w.b.mapper.BlogMapper.listBlogByYear   : ==>  Preparing: select * from t_blog b where date_format(b.createTime,'%Y') = ? and isDelete=0
2020-09-13 13:26:38.906 DEBUG 14024 --- [main] c.w.b.mapper.BlogMapper.listBlogByYear   : ==> Parameters: 2019(String)
2020-09-13 13:26:38.911 DEBUG 14024 --- [main] c.w.b.mapper.BlogMapper.listBlogByYear   : <==      Total: 2
2020-09-13 13:26:38.912 DEBUG 14024 --- [main] c.w.b.mapper.TagMapper.listTagByBlogId   : ==>  Preparing: SELECT id,NAME FROM t_tag t LEFT JOIN t_tag_blog tb ON t.id=tb.tag_id WHERE t.isDelete=0 AND tb.blog_id=?
2020-09-13 13:26:38.914 DEBUG 14024 --- [main] c.w.b.mapper.TagMapper.listTagByBlogId   : ==> Parameters: 3(Long)
2020-09-13 13:26:38.918 DEBUG 14024 --- [main] c.w.b.mapper.TagMapper.listTagByBlogId   : <==      Total: 2
2020-09-13 13:26:38.919 DEBUG 14024 --- [main] c.w.b.mapper.TagMapper.listTagByBlogId   : ==>  Preparing: SELECT id,NAME FROM t_tag t LEFT JOIN t_tag_blog tb ON t.id=tb.tag_id WHERE t.isDelete=0 AND tb.blog_id=?
2020-09-13 13:26:38.920 DEBUG 14024 --- [main] c.w.b.mapper.TagMapper.listTagByBlogId   : ==> Parameters: 5(Long)
2020-09-13 13:26:38.922 DEBUG 14024 --- [main] c.w.b.mapper.TagMapper.listTagByBlogId   : <==      Total: 3
2020-09-13 13:26:38.922 DEBUG 14024 --- [main] c.w.b.mapper.BlogMapper.listBlogByYear   : ==>  Preparing: select * from t_blog b where date_format(b.createTime,'%Y') = ? and isDelete=0
2020-09-13 13:26:38.923 DEBUG 14024 --- [main] c.w.b.mapper.BlogMapper.listBlogByYear   : ==> Parameters: 2018(String)
2020-09-13 13:26:38.925 DEBUG 14024 --- [main] c.w.b.mapper.BlogMapper.listBlogByYear   : <==      Total: 2
2020-09-13 13:26:38.925 DEBUG 14024 --- [main] c.w.b.mapper.TagMapper.listTagByBlogId   : ==>  Preparing: SELECT id,NAME FROM t_tag t LEFT JOIN t_tag_blog tb ON t.id=tb.tag_id WHERE t.isDelete=0 AND tb.blog_id=?
2020-09-13 13:26:38.926 DEBUG 14024 --- [main] c.w.b.mapper.TagMapper.listTagByBlogId   : ==> Parameters: 7(Long)
2020-09-13 13:26:38.928 DEBUG 14024 --- [main] c.w.b.mapper.TagMapper.listTagByBlogId   : <==      Total: 2
2020-09-13 13:26:38.930 DEBUG 14024 --- [main] c.w.b.mapper.TagMapper.listTagByBlogId   : ==>  Preparing: SELECT id,NAME FROM t_tag t LEFT JOIN t_tag_blog tb ON t.id=tb.tag_id WHERE t.isDelete=0 AND tb.blog_id=?
2020-09-13 13:26:38.931 DEBUG 14024 --- [main] c.w.b.mapper.TagMapper.listTagByBlogId   : ==> Parameters: 8(Long)
2020-09-13 13:26:38.933 DEBUG 14024 --- [main] c.w.b.mapper.TagMapper.listTagByBlogId   : <==      Total: 2
2020-09-13 13:26:39.458 DEBUG 14024 --- [main] c.w.b.mapper.BlogMapper.listBlog_COUNT   : ==>  Preparing: SELECT count(0) FROM t_blog WHERE isDelete = 0
2020-09-13 13:26:39.496 DEBUG 14024 --- [main] c.w.b.mapper.BlogMapper.listBlog_COUNT   : ==> Parameters: 
2020-09-13 13:26:39.499 DEBUG 14024 --- [main] c.w.b.mapper.BlogMapper.listBlog_COUNT   : <==      Total: 1
2020-09-13 13:26:39.502 DEBUG 14024 --- [main] com.wcc.blog.mapper.BlogMapper.listBlog  : ==>  Preparing: select * from t_blog WHERE isDelete=0 order by updateTime desc LIMIT ?
2020-09-13 13:26:39.503 DEBUG 14024 --- [main] com.wcc.blog.mapper.BlogMapper.listBlog  : ==> Parameters: 6(Integer)
2020-09-13 13:26:39.515 DEBUG 14024 --- [main] com.wcc.blog.mapper.BlogMapper.listBlog  : <==      Total: 6
2020-09-13 13:26:39.516 DEBUG 14024 --- [main] c.w.blog.mapper.UserMapper.getUserById   : ==>  Preparing: select id,nickname,phone,email,avatar,admin,code,start,createTime,updateTime,isDelete from t_user where id=? and isDelete=0
2020-09-13 13:26:39.517 DEBUG 14024 --- [main] c.w.blog.mapper.UserMapper.getUserById   : ==> Parameters: 4(Long)
2020-09-13 13:26:39.520 DEBUG 14024 --- [main] c.w.blog.mapper.UserMapper.getUserById   : <==      Total: 1
2020-09-13 13:26:39.521 DEBUG 14024 --- [main] com.wcc.blog.mapper.TypeMapper.getType   : ==>  Preparing: select id,name,isDelete from t_type where id=? and isDelete=0
2020-09-13 13:26:39.521 DEBUG 14024 --- [main] com.wcc.blog.mapper.TypeMapper.getType   : ==> Parameters: 11(Long)
2020-09-13 13:26:39.523 DEBUG 14024 --- [main] com.wcc.blog.mapper.TypeMapper.getType   : <==      Total: 1
2020-09-13 13:26:39.524 DEBUG 14024 --- [main] com.wcc.blog.mapper.TypeMapper.getType   : ==>  Preparing: select id,name,isDelete from t_type where id=? and isDelete=0
2020-09-13 13:26:39.525 DEBUG 14024 --- [main] com.wcc.blog.mapper.TypeMapper.getType   : ==> Parameters: 12(Long)
2020-09-13 13:26:39.527 DEBUG 14024 --- [main] com.wcc.blog.mapper.TypeMapper.getType   : <==      Total: 1
2020-09-13 13:26:39.528 DEBUG 14024 --- [main] com.wcc.blog.mapper.TypeMapper.getType   : ==>  Preparing: select id,name,isDelete from t_type where id=? and isDelete=0
2020-09-13 13:26:39.528 DEBUG 14024 --- [main] com.wcc.blog.mapper.TypeMapper.getType   : ==> Parameters: 10(Long)
2020-09-13 13:26:39.530 DEBUG 14024 --- [main] com.wcc.blog.mapper.TypeMapper.getType   : <==      Total: 1
2020-09-13 13:26:39.537  INFO 14024 --- [main] .b.t.c.SpringBootTestContextBootstrapper : Neither @ContextConfiguration nor @ContextHierarchy found for test class [com.wcc.blog.service.impl.UserServiceImplTest], using SpringBootContextLoader
2020-09-13 13:26:39.538  INFO 14024 --- [main] o.s.t.c.support.AbstractContextLoader    : Could not detect default resource locations for test class [com.wcc.blog.service.impl.UserServiceImplTest]: no resource found for suffixes {-context.xml, Context.groovy}.
2020-09-13 13:26:39.538  INFO 14024 --- [main] t.c.s.AnnotationConfigContextLoaderUtils : Could not detect default configuration classes for test class [com.wcc.blog.service.impl.UserServiceImplTest]: UserServiceImplTest does not declare any static, non-private, non-final, nested classes annotated with @Configuration.
2020-09-13 13:26:39.547  INFO 14024 --- [main] .b.t.c.SpringBootTestContextBootstrapper : Found @SpringBootConfiguration com.wcc.blog.BlogApplication for test class com.wcc.blog.service.impl.UserServiceImplTest
2020-09-13 13:26:39.549  INFO 14024 --- [main] .b.t.c.SpringBootTestContextBootstrapper : Loaded default TestExecutionListener class names from location [META-INF/spring.factories]: [org.springframework.boot.test.mock.mockito.MockitoTestExecutionListener, org.springframework.boot.test.mock.mockito.ResetMocksTestExecutionListener, org.springframework.boot.test.autoconfigure.restdocs.RestDocsTestExecutionListener, org.springframework.boot.test.autoconfigure.web.client.MockRestServiceServerResetTestExecutionListener, org.springframework.boot.test.autoconfigure.web.servlet.MockMvcPrintOnlyOnFailureTestExecutionListener, org.springframework.boot.test.autoconfigure.web.servlet.WebDriverTestExecutionListener, org.springframework.boot.test.autoconfigure.webservices.client.MockWebServiceServerTestExecutionListener, org.springframework.test.context.web.ServletTestExecutionListener, org.springframework.test.context.support.DirtiesContextBeforeModesTestExecutionListener, org.springframework.test.context.support.DependencyInjectionTestExecutionListener, org.springframework.test.context.support.DirtiesContextTestExecutionListener, org.springframework.test.context.transaction.TransactionalTestExecutionListener, org.springframework.test.context.jdbc.SqlScriptsTestExecutionListener, org.springframework.test.context.event.EventPublishingTestExecutionListener]
2020-09-13 13:26:39.549  INFO 14024 --- [main] .b.t.c.SpringBootTestContextBootstrapper : Using TestExecutionListeners: [org.springframework.test.context.web.ServletTestExecutionListener@eed890d, org.springframework.test.context.support.DirtiesContextBeforeModesTestExecutionListener@10f477e2, org.springframework.boot.test.mock.mockito.MockitoTestExecutionListener@6097fca9, org.springframework.boot.test.autoconfigure.SpringBootDependencyInjectionTestExecutionListener@35eee641, org.springframework.test.context.support.DirtiesContextTestExecutionListener@5729b410, org.springframework.test.context.transaction.TransactionalTestExecutionListener@64518270, org.springframework.test.context.jdbc.SqlScriptsTestExecutionListener@3b7c58e7, org.springframework.test.context.event.EventPublishingTestExecutionListener@79627d27, org.springframework.boot.test.mock.mockito.ResetMocksTestExecutionListener@6371cf2f, org.springframework.boot.test.autoconfigure.restdocs.RestDocsTestExecutionListener@b5b9333, org.springframework.boot.test.autoconfigure.web.client.MockRestServiceServerResetTestExecutionListener@52b959df, org.springframework.boot.test.autoconfigure.web.servlet.MockMvcPrintOnlyOnFailureTestExecutionListener@38588dea, org.springframework.boot.test.autoconfigure.web.servlet.WebDriverTestExecutionListener@553d2579, org.springframework.boot.test.autoconfigure.webservices.client.MockWebServiceServerTestExecutionListener@2a8f6e6]
2020-09-13 13:26:39.565 DEBUG 14024 --- [main] com.wcc.blog.mapper.UserMapper.saveUser  : ==>  Preparing: insert into t_user(nickname,phone,password,email,avatar,admin,code,start,createTime,updateTime,isDelete) value (?,?,?,?,?,?,?,?,?,?,0)
2020-09-13 13:26:39.568 DEBUG 14024 --- [main] com.wcc.blog.mapper.UserMapper.saveUser  : ==> Parameters: 马克(String), 222(String), bcbe3365e6ac95ea2c0343a2395834dd(String), 222(String), /images/tx/tx1.jpg(String), 0(Integer), 111(String), 1(Integer), 2020-09-13 13:26:39.565(Timestamp), 2020-09-13 13:26:39.565(Timestamp)
2020-09-13 13:26:39.570 DEBUG 14024 --- [main] com.wcc.blog.mapper.UserMapper.saveUser  : <==    Updates: 1
2020-09-13 13:26:39.580 DEBUG 14024 --- [main] c.wcc.blog.mapper.UserMapper.updateUser  : ==>  Preparing: update t_user SET nickname=?, phone=?, password=?, email=?, updateTime=? where id=? and isDelete=0
2020-09-13 13:26:39.581 DEBUG 14024 --- [main] c.wcc.blog.mapper.UserMapper.updateUser  : ==> Parameters: 杰克(String), 222(String), bcbe3365e6ac95ea2c0343a2395834dd(String), 333(String), 2020-09-13 13:26:39.58(Timestamp), 6(Long)
2020-09-13 13:26:39.584 DEBUG 14024 --- [main] c.wcc.blog.mapper.UserMapper.updateUser  : <==    Updates: 1
2020-09-13 13:26:39.594 DEBUG 14024 --- [main] c.w.b.mapper.UserMapper.getUserByPhone   : ==>  Preparing: select id,nickname,phone,password,email,avatar,admin,code,start,createTime,updateTime,isDelete from t_user where phone=? and isDelete=0
2020-09-13 13:26:39.594 DEBUG 14024 --- [main] c.w.b.mapper.UserMapper.getUserByPhone   : ==> Parameters: 123(String)
2020-09-13 13:26:39.596 DEBUG 14024 --- [main] c.w.b.mapper.UserMapper.getUserByPhone   : <==      Total: 1
2020-09-13 13:26:39.601  INFO 14024 --- [main] .b.t.c.SpringBootTestContextBootstrapper : Neither @ContextConfiguration nor @ContextHierarchy found for test class [com.wcc.blog.service.TypeServiceTest], using SpringBootContextLoader
2020-09-13 13:26:39.602  INFO 14024 --- [main] o.s.t.c.support.AbstractContextLoader    : Could not detect default resource locations for test class [com.wcc.blog.service.TypeServiceTest]: no resource found for suffixes {-context.xml, Context.groovy}.
2020-09-13 13:26:39.602  INFO 14024 --- [main] t.c.s.AnnotationConfigContextLoaderUtils : Could not detect default configuration classes for test class [com.wcc.blog.service.TypeServiceTest]: TypeServiceTest does not declare any static, non-private, non-final, nested classes annotated with @Configuration.
2020-09-13 13:26:39.603  INFO 14024 --- [main] .b.t.c.SpringBootTestContextBootstrapper : Found @SpringBootConfiguration com.wcc.blog.BlogApplication for test class com.wcc.blog.service.TypeServiceTest
2020-09-13 13:26:39.605  INFO 14024 --- [main] .b.t.c.SpringBootTestContextBootstrapper : Loaded default TestExecutionListener class names from location [META-INF/spring.factories]: [org.springframework.boot.test.mock.mockito.MockitoTestExecutionListener, org.springframework.boot.test.mock.mockito.ResetMocksTestExecutionListener, org.springframework.boot.test.autoconfigure.restdocs.RestDocsTestExecutionListener, org.springframework.boot.test.autoconfigure.web.client.MockRestServiceServerResetTestExecutionListener, org.springframework.boot.test.autoconfigure.web.servlet.MockMvcPrintOnlyOnFailureTestExecutionListener, org.springframework.boot.test.autoconfigure.web.servlet.WebDriverTestExecutionListener, org.springframework.boot.test.autoconfigure.webservices.client.MockWebServiceServerTestExecutionListener, org.springframework.test.context.web.ServletTestExecutionListener, org.springframework.test.context.support.DirtiesContextBeforeModesTestExecutionListener, org.springframework.test.context.support.DependencyInjectionTestExecutionListener, org.springframework.test.context.support.DirtiesContextTestExecutionListener, org.springframework.test.context.transaction.TransactionalTestExecutionListener, org.springframework.test.context.jdbc.SqlScriptsTestExecutionListener, org.springframework.test.context.event.EventPublishingTestExecutionListener]
2020-09-13 13:26:39.605  INFO 14024 --- [main] .b.t.c.SpringBootTestContextBootstrapper : Using TestExecutionListeners: [org.springframework.test.context.web.ServletTestExecutionListener@38fb50f8, org.springframework.test.context.support.DirtiesContextBeforeModesTestExecutionListener@7ab802f4, org.springframework.boot.test.mock.mockito.MockitoTestExecutionListener@608cd501, org.springframework.boot.test.autoconfigure.SpringBootDependencyInjectionTestExecutionListener@3b97907c, org.springframework.test.context.support.DirtiesContextTestExecutionListener@59096b66, org.springframework.test.context.transaction.TransactionalTestExecutionListener@631c6d11, org.springframework.test.context.jdbc.SqlScriptsTestExecutionListener@65be88ae, org.springframework.test.context.event.EventPublishingTestExecutionListener@62ade015, org.springframework.boot.test.mock.mockito.ResetMocksTestExecutionListener@70ede57d, org.springframework.boot.test.autoconfigure.restdocs.RestDocsTestExecutionListener@70997a94, org.springframework.boot.test.autoconfigure.web.client.MockRestServiceServerResetTestExecutionListener@61f377d1, org.springframework.boot.test.autoconfigure.web.servlet.MockMvcPrintOnlyOnFailureTestExecutionListener@6c538eb2, org.springframework.boot.test.autoconfigure.web.servlet.WebDriverTestExecutionListener@738a5848, org.springframework.boot.test.autoconfigure.webservices.client.MockWebServiceServerTestExecutionListener@487cd177]
2020-09-13 13:26:39.714 DEBUG 14024 --- [main] c.w.b.mapper.TypeMapper.listType_COUNT   : ==>  Preparing: SELECT count(0) FROM t_type WHERE isDelete = 0
2020-09-13 13:26:39.714 DEBUG 14024 --- [main] c.w.b.mapper.TypeMapper.listType_COUNT   : ==> Parameters: 
2020-09-13 13:26:39.715 DEBUG 14024 --- [main] c.w.b.mapper.TypeMapper.listType_COUNT   : <==      Total: 1
2020-09-13 13:26:39.716 DEBUG 14024 --- [main] com.wcc.blog.mapper.TypeMapper.listType  : ==>  Preparing: select id,name,isDelete from t_type where isDelete=0 LIMIT ?
2020-09-13 13:26:39.717 DEBUG 14024 --- [main] com.wcc.blog.mapper.TypeMapper.listType  : ==> Parameters: 6(Integer)
2020-09-13 13:26:39.724 DEBUG 14024 --- [main] com.wcc.blog.mapper.TypeMapper.listType  : <==      Total: 6
2020-09-13 13:26:39.730  INFO 14024 --- [main] .b.t.c.SpringBootTestContextBootstrapper : Neither @ContextConfiguration nor @ContextHierarchy found for test class [com.wcc.blog.service.VisitServiceImplTest], using SpringBootContextLoader
2020-09-13 13:26:39.731  INFO 14024 --- [main] o.s.t.c.support.AbstractContextLoader    : Could not detect default resource locations for test class [com.wcc.blog.service.VisitServiceImplTest]: no resource found for suffixes {-context.xml, Context.groovy}.
2020-09-13 13:26:39.743  INFO 14024 --- [main] t.c.s.AnnotationConfigContextLoaderUtils : Could not detect default configuration classes for test class [com.wcc.blog.service.VisitServiceImplTest]: VisitServiceImplTest does not declare any static, non-private, non-final, nested classes annotated with @Configuration.
2020-09-13 13:26:39.792  INFO 14024 --- [main] .b.t.c.SpringBootTestContextBootstrapper : Found @SpringBootConfiguration com.wcc.blog.BlogApplication for test class com.wcc.blog.service.VisitServiceImplTest
2020-09-13 13:26:39.806  INFO 14024 --- [main] .b.t.c.SpringBootTestContextBootstrapper : Loaded default TestExecutionListener class names from location [META-INF/spring.factories]: [org.springframework.boot.test.mock.mockito.MockitoTestExecutionListener, org.springframework.boot.test.mock.mockito.ResetMocksTestExecutionListener, org.springframework.boot.test.autoconfigure.restdocs.RestDocsTestExecutionListener, org.springframework.boot.test.autoconfigure.web.client.MockRestServiceServerResetTestExecutionListener, org.springframework.boot.test.autoconfigure.web.servlet.MockMvcPrintOnlyOnFailureTestExecutionListener, org.springframework.boot.test.autoconfigure.web.servlet.WebDriverTestExecutionListener, org.springframework.boot.test.autoconfigure.webservices.client.MockWebServiceServerTestExecutionListener, org.springframework.test.context.web.ServletTestExecutionListener, org.springframework.test.context.support.DirtiesContextBeforeModesTestExecutionListener, org.springframework.test.context.support.DependencyInjectionTestExecutionListener, org.springframework.test.context.support.DirtiesContextTestExecutionListener, org.springframework.test.context.transaction.TransactionalTestExecutionListener, org.springframework.test.context.jdbc.SqlScriptsTestExecutionListener, org.springframework.test.context.event.EventPublishingTestExecutionListener]
2020-09-13 13:26:39.811  INFO 14024 --- [main] .b.t.c.SpringBootTestContextBootstrapper : Using TestExecutionListeners: [org.springframework.test.context.web.ServletTestExecutionListener@77b5148c, org.springframework.test.context.support.DirtiesContextBeforeModesTestExecutionListener@36359723, org.springframework.boot.test.mock.mockito.MockitoTestExecutionListener@1ab14636, org.springframework.boot.test.autoconfigure.SpringBootDependencyInjectionTestExecutionListener@16b3c905, org.springframework.test.context.support.DirtiesContextTestExecutionListener@49fdbe2b, org.springframework.test.context.transaction.TransactionalTestExecutionListener@53eba4b8, org.springframework.test.context.jdbc.SqlScriptsTestExecutionListener@437bd805, org.springframework.test.context.event.EventPublishingTestExecutionListener@4b88ca8e, org.springframework.boot.test.mock.mockito.ResetMocksTestExecutionListener@6fa02932, org.springframework.boot.test.autoconfigure.restdocs.RestDocsTestExecutionListener@61608e1a, org.springframework.boot.test.autoconfigure.web.client.MockRestServiceServerResetTestExecutionListener@7c46c9c3, org.springframework.boot.test.autoconfigure.web.servlet.MockMvcPrintOnlyOnFailureTestExecutionListener@7197b07f, org.springframework.boot.test.autoconfigure.web.servlet.WebDriverTestExecutionListener@1f10fec6, org.springframework.boot.test.autoconfigure.webservices.client.MockWebServiceServerTestExecutionListener@7a65a360]
2020-09-13 13:26:39.874 DEBUG 14024 --- [main] com.wcc.blog.mapper.VisitMapper.saveIP   : ==>  Preparing: insert into t_visit(ip,createTime) value(?,?)
2020-09-13 13:26:39.876 DEBUG 14024 --- [main] com.wcc.blog.mapper.VisitMapper.saveIP   : ==> Parameters: 127.136.1.1(String), 2020-09-13 13:26:39.859(Timestamp)
2020-09-13 13:26:39.891 DEBUG 14024 --- [main] com.wcc.blog.mapper.VisitMapper.saveIP   : <==    Updates: 1
2020-09-13 13:26:39.931  INFO 14024 --- [SpringContextShutdownHook] o.s.s.concurrent.ThreadPoolTaskExecutor  : Shutting down ExecutorService 'applicationTaskExecutor'
2020-09-13 13:26:39.939  INFO 14024 --- [SpringContextShutdownHook] com.alibaba.druid.pool.DruidDataSource   : {dataSource-1} closed
